<?xml version="1.0" encoding="UTF-8"?>
<testsuite xmlns:xsi="http://www.w3.org/2001/XMLSchema-instance" xsi:noNamespaceSchemaLocation="https://maven.apache.org/surefire/maven-surefire-plugin/xsd/surefire-test-report-3.0.xsd" version="3.0" name="model.UserProfileTest" time="0.016" tests="6" errors="0" skipped="0" failures="0">
  <properties>
[...]
</properties>
  <testcase name="constructorRejectsNegativeWeight" classname="model.UserProfileTest" time="0.003"/>
  <testcase name="bmrSetterAndGetterShouldWork" classname="model.UserProfileTest" time="0.0"/>
  <testcase name="constructorAcceptsBoundaryValues" classname="model.UserProfileTest" time="0.0"/>
  <testcase name="constructorRejectsUnrealisticValues" classname="model.UserProfileTest" time="0.0"/>
  <testcase name="constructorAndGettersShouldReturnPassedValues" classname="model.UserProfileTest" time="0.0"/>
  <testcase name="constructorRejectsNegativeHeightAndAge" classname="model.UserProfileTest" time="0.003"/>
</testsuite>