<?xml version="1.0" encoding="UTF-8"?>
<testsuite xmlns:xsi="http://www.w3.org/2001/XMLSchema-instance" xsi:noNamespaceSchemaLocation="https://maven.apache.org/surefire/maven-surefire-plugin/xsd/surefire-test-report-3.0.xsd" version="3.0" name="model.ActivityCalculatorTest" time="0.032" tests="4" errors="0" skipped="0" failures="0">
  <properties>
[...]
</properties>
  <testcase name="testCalculateCaloriesWalking" classname="model.ActivityCalculatorTest" time="0.016"/>
  <testcase name="testCalculateCaloriesCycling" classname="model.ActivityCalculatorTest" time="0.0"/>
  <testcase name="testCalculateCaloriesRunning" classname="model.ActivityCalculatorTest" time="0.0"/>
  <testcase name="testCalculateCaloriesRunning2" classname="model.ActivityCalculatorTest" time="0.0"/>
</testsuite>